Arguments: 
  C:\Program Files\nodejs\node.exe C:\Users\鄢鹏权\AppData\Roaming\npm\node_modules\yarn\bin\yarn.js add -D @types/simple-git

PATH: 
  C:\ProgramData\Oracle\Java\javapath;C:\Windows\system32;C:\Windows;C:\Windows\System32\Wbem;C:\Windows\System32\WindowsPowerShell\v1.0\;C:\Program Files\Git\bin;C:\Program Files\TortoiseGit\bin;C:\Program Files (x86)\NVIDIA Corporation\PhysX\Common;D:\nginx+php\PHP7;C:\Program Files\WorldPainter;C:\Program Files\dotnet\;C:\WINDOWS\system32;C:\WINDOWS;C:\WINDOWS\System32\Wbem;C:\WINDOWS\System32\WindowsPowerShell\v1.0\;C:\WINDOWS\System32\OpenSSH\;C:\Program Files\Microsoft VS Code\bin;C:\Program Files\Java\jdk1.8.0_66\bin;C:\ProgramData\ComposerSetup\bin;C:\Python27\;C:\Users\鄢鹏权\AppData\Roaming\nvm;C:\Program Files\nodejs;C:\Users\YanPengQuan\AppData\Local\Android\android-sdk\platform-tools;C:\Program Files\NVIDIA Corporation\NVIDIA NvDLISR;C:\Program Files\nodejs\;C:\Program Files\Cloud Foundry;C:\Python27\;C:\Program Files\nodejs\node_modules\npm\bin\node-gyp-bin;C:\Users\鄢鹏权\AppData\Roaming\npm\node_modules\windows-build-tools\node_modules\.bin;C:\Users\鄢鹏权\AppData\Roaming\npm\node_modules\.bin;C:\ProgramData\Oracle\Java\javapath;C:\Windows\system32;C:\Windows;C:\Windows\System32\Wbem;C:\Windows\System32\WindowsPowerShell\v1.0\;C:\Program Files\Git\bin;C:\Program Files\TortoiseGit\bin;C:\Program Files (x86)\NVIDIA Corporation\PhysX\Common;D:\nginx+php\PHP7;C:\Program Files\WorldPainter;C:\Program Files\dotnet\;C:\WINDOWS\system32;C:\WINDOWS;C:\WINDOWS\System32\Wbem;C:\WINDOWS\System32\WindowsPowerShell\v1.0\;C:\WINDOWS\System32\OpenSSH\;C:\Program Files\nodejs\;C:\Program Files\Microsoft VS Code\bin;C:\Program Files\Java\jdk1.8.0_66\bin;C:\ProgramData\ComposerSetup\bin;C:\Users\鄢鹏权\AppData\Local\Microsoft\WindowsApps;C:\Program Files\Microsoft VS Code\bin;C:\Users\鄢鹏权\AppData\Roaming\npm;C:\Users\鄢鹏权\AppData\Roaming\Composer\vendor\bin;D:\C#;C:\Users\YanPengQuan\AppData\Roaming\npm

Yarn version: 
  1.12.3

Node version: 
  10.14.2

Platform: 
  win32 x64

Trace: 
  Error: https://registry.npmjs.org/@types%2fsimple-git: Not found
      at Request.params.callback [as _callback] (C:\Users\鄢鹏权\AppData\Roaming\npm\node_modules\yarn\lib\cli.js:65894:18)
      at Request.self.callback (C:\Users\鄢鹏权\AppData\Roaming\npm\node_modules\yarn\lib\cli.js:129018:22)
      at Request.emit (events.js:182:13)
      at Request.<anonymous> (C:\Users\鄢鹏权\AppData\Roaming\npm\node_modules\yarn\lib\cli.js:129990:10)
      at Request.emit (events.js:182:13)
      at IncomingMessage.<anonymous> (C:\Users\鄢鹏权\AppData\Roaming\npm\node_modules\yarn\lib\cli.js:129912:12)
      at Object.onceWrapper (events.js:273:13)
      at IncomingMessage.emit (events.js:187:15)
      at endReadableNT (_stream_readable.js:1094:12)
      at process._tickCallback (internal/process/next_tick.js:63:19)

npm manifest: 
  {
    "name": "castle-deploy-node",
    "version": "1.0.0",
    "main": "dist/index.js",
    "types": "dist/index.d.ts",
    "files": [
      "dist/**/*.js",
      "dist/**/*.d.ts",
      "READMD.md",
      "yarn.lock"
    ],
    "repository": "https://github.com/YanCastle/castle-deploy-node",
    "author": "CastleMY <490523604@qq.com>",
    "license": "MIT",
    "dependencies": {
      "castle-ws-rpc-client": "^1.0.0",
      "cross-spawn": "^6.0.5",
      "mz": "^2.7.0",
      "simple-git": "^1.107.0"
    },
    "devDependencies": {
      "@types/mz": "^0.0.32",
      "@types/node": "^10.12.18"
    }
  }

yarn manifest: 
  No manifest

Lockfile: 
  # THIS IS AN AUTOGENERATED FILE. DO NOT EDIT THIS FILE DIRECTLY.
  # yarn lockfile v1
  
  
  "@types/mz@^0.0.32":
    version "0.0.32"
    resolved "https://registry.yarnpkg.com/@types/mz/-/mz-0.0.32.tgz#e8248b4e41424c052edc1725dd33650c313a3659"
    integrity sha512-cy3yebKhrHuOcrJGkfwNHhpTXQLgmXSv1BX+4p32j+VUQ6aP2eJ5cL7OvGcAQx75fCTFaAIIAKewvqL+iwSd4g==
    dependencies:
      "@types/node" "*"
  
  "@types/node@*", "@types/node@^10.12.18":
    version "10.12.18"
    resolved "https://registry.yarnpkg.com/@types/node/-/node-10.12.18.tgz#1d3ca764718915584fcd9f6344621b7672665c67"
    integrity sha512-fh+pAqt4xRzPfqA6eh3Z2y6fyZavRIumvjhaCL753+TVkGKGhpPeyrJG2JftD0T9q4GF00KjefsQ+PQNDdWQaQ==
  
  any-promise@^1.0.0:
    version "1.3.0"
    resolved "https://registry.yarnpkg.com/any-promise/-/any-promise-1.3.0.tgz#abc6afeedcea52e809cdc0376aed3ce39635d17f"
    integrity sha1-q8av7tzqUugJzcA3au0845Y10X8=
  
  async-limiter@~1.0.0:
    version "1.0.0"
    resolved "https://registry.yarnpkg.com/async-limiter/-/async-limiter-1.0.0.tgz#78faed8c3d074ab81f22b4e985d79e8738f720f8"
    integrity sha512-jp/uFnooOiO+L211eZOoSyzpOITMXx1rBITauYykG3BRYPu8h0UcxsPNB04RR5vo4Tyz3+ay17tR6JVf9qzYWg==
  
  base64-js@^1.0.2:
    version "1.3.0"
    resolved "https://registry.yarnpkg.com/base64-js/-/base64-js-1.3.0.tgz#cab1e6118f051095e58b5281aea8c1cd22bfc0e3"
    integrity sha512-ccav/yGvoa80BQDljCxsmmQ3Xvx60/UpBIij5QN21W3wBi/hhIC9OoO+KLpu9IJTS9j4DRVJ3aDDF9cMSoa2lw==
  
  buffer@^5.2.0, buffer@^5.2.1:
    version "5.2.1"
    resolved "https://registry.yarnpkg.com/buffer/-/buffer-5.2.1.tgz#dd57fa0f109ac59c602479044dca7b8b3d0b71d6"
    integrity sha512-c+Ko0loDaFfuPWiL02ls9Xd3GO3cPVmUobQ6t3rXNUk304u6hGq+8N/kFi+QEIKhzK3uwolVhLzszmfLmMLnqg==
    dependencies:
      base64-js "^1.0.2"
      ieee754 "^1.1.4"
  
  castle-rpc-client@^2.0.1:
    version "2.0.1"
    resolved "https://registry.yarnpkg.com/castle-rpc-client/-/castle-rpc-client-2.0.1.tgz#a5414f9e0f70bcfff9248669ec8099a2b7adacb6"
    integrity sha512-3SjWlvFk4W+SLF6OwKtJca5dYFkTiisUGLxT9GvgFTZA7v/GO4IeYE+aiQfcPs2kgiy3OwUOHOIRejnS9rDGPQ==
    dependencies:
      buffer "^5.2.1"
      castle-rpc "^2.0.0"
      eventemitter3 "^3.1.0"
  
  castle-rpc@^2.0.0:
    version "2.0.1"
    resolved "https://registry.yarnpkg.com/castle-rpc/-/castle-rpc-2.0.1.tgz#cf92b1475f6eb885e3680d82ebe67c59bd2367d4"
    integrity sha512-PWqlCw8T/r4mpeLQ2ZjKtWP6uNg+IxzE1XpjqDXnUYwqZ2C5H7ctF/vXSsSZcgOW2nsYq7jm+f38yfFzFpBhpw==
    dependencies:
      buffer "^5.2.0"
  
  castle-ws-rpc-client@^1.0.0:
    version "1.0.0"
    resolved "https://registry.yarnpkg.com/castle-ws-rpc-client/-/castle-ws-rpc-client-1.0.0.tgz#cf1a03ec3addd1a4b9fd8b7d5a772e5e606a7a0c"
    integrity sha512-JVhahyWvKJR7fw7vSJ5v2zOULD0aa7rferasSHPFeEq8n2OtYKmlcjUdoHTzgX6athkMbgWGFKIbhfUdycEYnA==
    dependencies:
      castle-rpc-client "^2.0.1"
      isomorphic-ws "^4.0.1"
      ws "^6.1.2"
  
  cross-spawn@^6.0.5:
    version "6.0.5"
    resolved "https://registry.yarnpkg.com/cross-spawn/-/cross-spawn-6.0.5.tgz#4a5ec7c64dfae22c3a14124dbacdee846d80cbc4"
    integrity sha512-eTVLrBSt7fjbDygz805pMnstIs2VTBNkRm0qxZd+M7A5XDdxVRWO5MxGBXZhjY4cqLYLdtrGqRf8mBPmzwSpWQ==
    dependencies:
      nice-try "^1.0.4"
      path-key "^2.0.1"
      semver "^5.5.0"
      shebang-command "^1.2.0"
      which "^1.2.9"
  
  debug@^4.0.1:
    version "4.1.1"
    resolved "https://registry.yarnpkg.com/debug/-/debug-4.1.1.tgz#3b72260255109c6b589cee050f1d516139664791"
    integrity sha512-pYAIzeRo8J6KPEaJ0VWOh5Pzkbw/RetuzehGM7QRRX5he4fPHx2rdKMB256ehJCkX+XRQm16eZLqLNS8RSZXZw==
    dependencies:
      ms "^2.1.1"
  
  eventemitter3@^3.1.0:
    version "3.1.0"
    resolved "https://registry.yarnpkg.com/eventemitter3/-/eventemitter3-3.1.0.tgz#090b4d6cdbd645ed10bf750d4b5407942d7ba163"
    integrity sha512-ivIvhpq/Y0uSjcHDcOIccjmYjGLcP09MFGE7ysAwkAvkXfpZlC985pH2/ui64DKazbTW/4kN3yqozUxlXzI6cA==
  
  ieee754@^1.1.4:
    version "1.1.12"
    resolved "https://registry.yarnpkg.com/ieee754/-/ieee754-1.1.12.tgz#50bf24e5b9c8bb98af4964c941cdb0918da7b60b"
    integrity sha512-GguP+DRY+pJ3soyIiGPTvdiVXjZ+DbXOxGpXn3eMvNW4x4irjqXm4wHKscC+TfxSJ0yw/S1F24tqdMNsMZTiLA==
  
  isexe@^2.0.0:
    version "2.0.0"
    resolved "https://registry.yarnpkg.com/isexe/-/isexe-2.0.0.tgz#e8fbf374dc556ff8947a10dcb0572d633f2cfa10"
    integrity sha1-6PvzdNxVb/iUehDcsFctYz8s+hA=
  
  isomorphic-ws@^4.0.1:
    version "4.0.1"
    resolved "https://registry.yarnpkg.com/isomorphic-ws/-/isomorphic-ws-4.0.1.tgz#55fd4cd6c5e6491e76dc125938dd863f5cd4f2dc"
    integrity sha512-BhBvN2MBpWTaSHdWRb/bwdZJ1WaehQ2L1KngkCkfLUGF0mAWAT1sQUQacEmQ0jXkFw/czDXPNQSL5u2/Krsz1w==
  
  ms@^2.1.1:
    version "2.1.1"
    resolved "https://registry.yarnpkg.com/ms/-/ms-2.1.1.tgz#30a5864eb3ebb0a66f2ebe6d727af06a09d86e0a"
    integrity sha512-tgp+dl5cGk28utYktBsrFqA7HKgrhgPsg6Z/EfhWI4gl1Hwq8B/GmY/0oXZ6nF8hDVesS/FpnYaD/kOWhYQvyg==
  
  mz@^2.7.0:
    version "2.7.0"
    resolved "https://registry.yarnpkg.com/mz/-/mz-2.7.0.tgz#95008057a56cafadc2bc63dde7f9ff6955948e32"
    integrity sha512-z81GNO7nnYMEhrGh9LeymoE4+Yr0Wn5McHIZMK5cfQCl+NDX08sCZgUc9/6MHni9IWuFLm1Z3HTCXu2z9fN62Q==
    dependencies:
      any-promise "^1.0.0"
      object-assign "^4.0.1"
      thenify-all "^1.0.0"
  
  nice-try@^1.0.4:
    version "1.0.5"
    resolved "https://registry.yarnpkg.com/nice-try/-/nice-try-1.0.5.tgz#a3378a7696ce7d223e88fc9b764bd7ef1089e366"
    integrity sha512-1nh45deeb5olNY7eX82BkPO7SSxR5SSYJiPTrTdFUVYwAl8CKMA5N9PjTYkHiRjisVcxcQ1HXdLhx2qxxJzLNQ==
  
  object-assign@^4.0.1:
    version "4.1.1"
    resolved "https://registry.yarnpkg.com/object-assign/-/object-assign-4.1.1.tgz#2109adc7965887cfc05cbbd442cac8bfbb360863"
    integrity sha1-IQmtx5ZYh8/AXLvUQsrIv7s2CGM=
  
  path-key@^2.0.1:
    version "2.0.1"
    resolved "https://registry.yarnpkg.com/path-key/-/path-key-2.0.1.tgz#411cadb574c5a140d3a4b1910d40d80cc9f40b40"
    integrity sha1-QRyttXTFoUDTpLGRDUDYDMn0C0A=
  
  semver@^5.5.0:
    version "5.6.0"
    resolved "https://registry.yarnpkg.com/semver/-/semver-5.6.0.tgz#7e74256fbaa49c75aa7c7a205cc22799cac80004"
    integrity sha512-RS9R6R35NYgQn++fkDWaOmqGoj4Ek9gGs+DPxNUZKuwE183xjJroKvyo1IzVFeXvUrvmALy6FWD5xrdJT25gMg==
  
  shebang-command@^1.2.0:
    version "1.2.0"
    resolved "https://registry.yarnpkg.com/shebang-command/-/shebang-command-1.2.0.tgz#44aac65b695b03398968c39f363fee5deafdf1ea"
    integrity sha1-RKrGW2lbAzmJaMOfNj/uXer98eo=
    dependencies:
      shebang-regex "^1.0.0"
  
  shebang-regex@^1.0.0:
    version "1.0.0"
    resolved "https://registry.yarnpkg.com/shebang-regex/-/shebang-regex-1.0.0.tgz#da42f49740c0b42db2ca9728571cb190c98efea3"
    integrity sha1-2kL0l0DAtC2yypcoVxyxkMmO/qM=
  
  simple-git@^1.107.0:
    version "1.107.0"
    resolved "https://registry.yarnpkg.com/simple-git/-/simple-git-1.107.0.tgz#12cffaf261c14d6f450f7fdb86c21ccee968b383"
    integrity sha512-t4OK1JRlp4ayKRfcW6owrWcRVLyHRUlhGd0uN6ZZTqfDq8a5XpcUdOKiGRNobHEuMtNqzp0vcJNvhYWwh5PsQA==
    dependencies:
      debug "^4.0.1"
  
  thenify-all@^1.0.0:
    version "1.6.0"
    resolved "https://registry.yarnpkg.com/thenify-all/-/thenify-all-1.6.0.tgz#1a1918d402d8fc3f98fbf234db0bcc8cc10e9726"
    integrity sha1-GhkY1ALY/D+Y+/I02wvMjMEOlyY=
    dependencies:
      thenify ">= 3.1.0 < 4"
  
  "thenify@>= 3.1.0 < 4":
    version "3.3.0"
    resolved "https://registry.yarnpkg.com/thenify/-/thenify-3.3.0.tgz#e69e38a1babe969b0108207978b9f62b88604839"
    integrity sha1-5p44obq+lpsBCCB5eLn2K4hgSDk=
    dependencies:
      any-promise "^1.0.0"
  
  which@^1.2.9:
    version "1.3.1"
    resolved "https://registry.yarnpkg.com/which/-/which-1.3.1.tgz#a45043d54f5805316da8d62f9f50918d3da70b0a"
    integrity sha512-HxJdYWq1MTIQbJ3nw0cqssHoTNU267KlrDuGZ1WYlxDStUtKUhOaJmh112/TZmHxxUfuJqPXSOm7tDyas0OSIQ==
    dependencies:
      isexe "^2.0.0"
  
  ws@^6.1.2:
    version "6.1.2"
    resolved "https://registry.yarnpkg.com/ws/-/ws-6.1.2.tgz#3cc7462e98792f0ac679424148903ded3b9c3ad8"
    integrity sha512-rfUqzvz0WxmSXtJpPMX2EeASXabOrSMk1ruMOV3JBTBjo4ac2lDjGGsbQSyxj8Odhw5fBib8ZKEjDNvgouNKYw==
    dependencies:
      async-limiter "~1.0.0"
